C51 COMPILER V9.60.7.0   DELAY                                                             09/28/2025 15:09:37 PAGE 1   


C51 COMPILER V9.60.7.0, COMPILATION OF MODULE DELAY
OBJECT MODULE PLACED IN .\Objects\delay.obj
COMPILER INVOKED BY: C:\Keil_v5\C51\BIN\C51.EXE delay.c COMPACT WARNINGLEVEL(0) OPTIMIZE(8,SPEED) BROWSE DEBUG OBJECTEXT
                    -END PRINT(.\Listings\delay.lst) TABS(2) OBJECT(.\Objects\delay.obj)

line level    source

   1          #include "delay.h"
   2          
   3          /******延时函数******/
   4          static void Delaym1us()
   5          {
   6   1        _nop_();
   7   1      }
   8          
   9          //基于STC12单片机us延时函数
  10          //函数说明：外部调用
  11          void delay_us(unsigned int time)
  12          {
  13   1        int i;
  14   1        for(i=0; i<time; i++)
  15   1        {
  16   2          Delaym1us();
  17   2        }
  18   1      }
  19          
  20          /*5us延时*/
  21          void delay_5us()  
  22          {
  23   1        delay_us(5);
  24   1      }
  25          
  26          /*1Ms延时*/
  27          void delay(unsigned int z)
  28          {
  29   1        unsigned int x,y;
  30   1        for(x = z; x > 0; x--)
  31   1          for(y = 114; y > 0 ; y--);
  32   1      }
  33          
  34          void delay_ADC (unsigned int ms)
  35          {
  36   1          unsigned int i, j;
  37   1          for (i = ms; i > 0; i--)
  38   1          for (j = 113; j > 0; j--);
  39   1      }


MODULE INFORMATION:   STATIC OVERLAYABLE
   CODE SIZE        =     90    ----
   CONSTANT SIZE    =   ----    ----
   XDATA SIZE       =   ----    ----
   PDATA SIZE       =   ----    ----
   DATA SIZE        =   ----    ----
   IDATA SIZE       =   ----    ----
   BIT SIZE         =   ----    ----
END OF MODULE INFORMATION.


C51 COMPILATION COMPLETE.  0 WARNING(S),  0 ERROR(S)
