C51 COMPILER V9.60.7.0   DELAY                                                             09/26/2025 11:52:31 PAGE 1   


C51 COMPILER V9.60.7.0, COMPILATION OF MODULE DELAY
OBJECT MODULE PLACED IN .\Objects\delay.obj
COMPILER INVOKED BY: C:\Keil_v5\C51\BIN\C51.EXE delay.c COMPACT OPTIMIZE(8,SPEED) BROWSE DEBUG OBJECTEXTEND PRINT(.\List
                    -ings\delay.lst) TABS(2) OBJECT(.\Objects\delay.obj)

line level    source

   1          
   2          #include "stc12.h"
   3          #include "intrins.h"
   4          #include "delay.h"
   5          #define uchar unsigned char
   6          #define uint unsigned  int
   7          /******延时函数******/
   8          static void Delaym1us()
   9          {
  10   1        _nop_();
  11   1      }
  12          
  13          //基于STC12单片机us延时函数
  14          //函数说明：外部调用
  15          void delay_us(uint time)
  16          {
  17   1        int i;
  18   1        for(i=0; i<time; i++)
  19   1        {
  20   2          Delaym1us();
  21   2        }
  22   1      }
  23          
  24          /*5us延时*/
  25          void delay_5us()  
  26          {
  27   1        delay_us(5);
  28   1      }
  29          
  30          /*1Ms延时*/
  31          void delay(uint z)
  32          {
  33   1        uint x,y;
  34   1        for(x = z; x > 0; x--)
  35   1          for(y = 114; y > 0 ; y--);
  36   1      }
  37          
  38          void delay_ADC (unsigned int ms)
  39          {
  40   1          unsigned int i, j;
  41   1          for (i = ms; i > 0; i--)
  42   1          for (j = 113; j > 0; j--);
  43   1      }


MODULE INFORMATION:   STATIC OVERLAYABLE
   CODE SIZE        =     90    ----
   CONSTANT SIZE    =   ----    ----
   XDATA SIZE       =   ----    ----
   PDATA SIZE       =   ----    ----
   DATA SIZE        =   ----    ----
   IDATA SIZE       =   ----    ----
   BIT SIZE         =   ----    ----
END OF MODULE INFORMATION.

C51 COMPILER V9.60.7.0   DELAY                                                             09/26/2025 11:52:31 PAGE 2   


C51 COMPILATION COMPLETE.  0 WARNING(S),  0 ERROR(S)
